<?xml version="1.0" encoding="UTF-8"?>
<testng-results ignored="0" total="2" passed="2" failed="0" skipped="0">
  <reporter-output>
  </reporter-output>
  <suite started-at="2025-11-19T19:19:28 IST" name="Surefire suite" finished-at="2025-11-19T19:19:28 IST" duration-ms="100">
    <groups>
    </groups>
    <test started-at="2025-11-19T19:19:28 IST" name="Surefire test" finished-at="2025-11-19T19:19:28 IST" duration-ms="100">
      <class name="Testcases.LoginTests">
        <test-method signature="invalidLoginTest()[pri:0, instance:Testcases.LoginTests@54c562f7]" started-at="2025-11-19T19:19:28 IST" name="invalidLoginTest" finished-at="2025-11-19T19:19:28 IST" duration-ms="13" status="PASS">
          <reporter-output>
          </reporter-output>
        </test-method> <!-- invalidLoginTest -->
        <test-method signature="validLoginTest()[pri:0, instance:Testcases.LoginTests@54c562f7]" started-at="2025-11-19T19:19:28 IST" name="validLoginTest" finished-at="2025-11-19T19:19:28 IST" duration-ms="8" status="PASS">
          <reporter-output>
          </reporter-output>
        </test-method> <!-- validLoginTest -->
      </class> <!-- Testcases.LoginTests -->
    </test> <!-- Surefire test -->
  </suite> <!-- Surefire suite -->
</testng-results>
