<?xml version="1.0" encoding="UTF-8"?>
<testng-results ignored="0" total="2" passed="2" failed="0" skipped="0">
  <reporter-output>
  </reporter-output>
  <suite started-at="2025-11-20T00:28:03 IST" name="Default suite" finished-at="2025-11-20T00:28:03 IST" duration-ms="107">
    <groups>
    </groups>
    <test started-at="2025-11-20T00:28:03 IST" name="Default test" finished-at="2025-11-20T00:28:03 IST" duration-ms="107">
      <class name="Testcases.LoginTests">
        <test-method signature="invalidLoginTest()[pri:0, instance:Testcases.LoginTests@2a4fb17b]" started-at="2025-11-20T00:28:03 IST" name="invalidLoginTest" finished-at="2025-11-20T00:28:03 IST" duration-ms="18" status="PASS">
          <reporter-output>
          </reporter-output>
        </test-method> <!-- invalidLoginTest -->
        <test-method signature="validLoginTest()[pri:0, instance:Testcases.LoginTests@2a4fb17b]" started-at="2025-11-20T00:28:03 IST" name="validLoginTest" finished-at="2025-11-20T00:28:03 IST" duration-ms="5" status="PASS">
          <reporter-output>
          </reporter-output>
        </test-method> <!-- validLoginTest -->
      </class> <!-- Testcases.LoginTests -->
    </test> <!-- Default test -->
  </suite> <!-- Default suite -->
</testng-results>
