<?xml version="1.0" encoding="UTF-8"?>
<testng-results ignored="0" total="3" passed="3" failed="0" skipped="0">
  <reporter-output>
  </reporter-output>
  <suite started-at="2026-03-16T19:48:24 IST" name="Suite" finished-at="2026-03-16T19:48:46 IST" duration-ms="21908">
    <groups>
    </groups>
    <test started-at="2026-03-16T19:48:24 IST" name="TestOnEdge" finished-at="2026-03-16T19:48:37 IST" duration-ms="13215">
      <class name="CrossBrowserTesting.crossBrowserDemo">
        <test-method is-config="true" signature="LaunchBrowser(java.lang.String)[pri:0, instance:CrossBrowserTesting.crossBrowserDemo@5aebe890]" started-at="2026-03-16T19:48:24 IST" name="LaunchBrowser" finished-at="2026-03-16T19:48:32 IST" duration-ms="7714" status="PASS">
          <params>
            <param index="0">
              <value>
                <![CDATA[msedge]]>
              </value>
            </param>
          </params>
          <reporter-output>
          </reporter-output>
        </test-method> <!-- LaunchBrowser -->
        <test-method signature="VerifyTitle()[pri:0, instance:CrossBrowserTesting.crossBrowserDemo@5aebe890]" started-at="2026-03-16T19:48:32 IST" name="VerifyTitle" finished-at="2026-03-16T19:48:36 IST" duration-ms="4451" status="PASS">
          <reporter-output>
          </reporter-output>
        </test-method> <!-- VerifyTitle -->
        <test-method is-config="true" signature="quit()[pri:0, instance:CrossBrowserTesting.crossBrowserDemo@5aebe890]" started-at="2026-03-16T19:48:36 IST" name="quit" finished-at="2026-03-16T19:48:37 IST" duration-ms="940" status="PASS">
          <reporter-output>
          </reporter-output>
        </test-method> <!-- quit -->
      </class> <!-- CrossBrowserTesting.crossBrowserDemo -->
    </test> <!-- TestOnEdge -->
    <test started-at="2026-03-16T19:48:24 IST" name="TestOnChrome" finished-at="2026-03-16T19:48:37 IST" duration-ms="13330">
      <class name="CrossBrowserTesting.crossBrowserDemo">
        <test-method is-config="true" signature="LaunchBrowser(java.lang.String)[pri:0, instance:CrossBrowserTesting.crossBrowserDemo@1573f9fc]" started-at="2026-03-16T19:48:24 IST" name="LaunchBrowser" finished-at="2026-03-16T19:48:32 IST" duration-ms="7550" status="PASS">
          <params>
            <param index="0">
              <value>
                <![CDATA[chrome]]>
              </value>
            </param>
          </params>
          <reporter-output>
          </reporter-output>
        </test-method> <!-- LaunchBrowser -->
        <test-method signature="VerifyTitle()[pri:0, instance:CrossBrowserTesting.crossBrowserDemo@1573f9fc]" started-at="2026-03-16T19:48:32 IST" name="VerifyTitle" finished-at="2026-03-16T19:48:35 IST" duration-ms="3473" status="PASS">
          <reporter-output>
          </reporter-output>
        </test-method> <!-- VerifyTitle -->
        <test-method is-config="true" signature="quit()[pri:0, instance:CrossBrowserTesting.crossBrowserDemo@1573f9fc]" started-at="2026-03-16T19:48:35 IST" name="quit" finished-at="2026-03-16T19:48:37 IST" duration-ms="2202" status="PASS">
          <reporter-output>
          </reporter-output>
        </test-method> <!-- quit -->
      </class> <!-- CrossBrowserTesting.crossBrowserDemo -->
    </test> <!-- TestOnChrome -->
    <test started-at="2026-03-16T19:48:24 IST" name="TestOnFirefox" finished-at="2026-03-16T19:48:46 IST" duration-ms="21908">
      <class name="CrossBrowserTesting.crossBrowserDemo">
        <test-method is-config="true" signature="LaunchBrowser(java.lang.String)[pri:0, instance:CrossBrowserTesting.crossBrowserDemo@33c911a1]" started-at="2026-03-16T19:48:24 IST" name="LaunchBrowser" finished-at="2026-03-16T19:48:40 IST" duration-ms="16108" status="PASS">
          <params>
            <param index="0">
              <value>
                <![CDATA[firefox]]>
              </value>
            </param>
          </params>
          <reporter-output>
          </reporter-output>
        </test-method> <!-- LaunchBrowser -->
        <test-method signature="VerifyTitle()[pri:0, instance:CrossBrowserTesting.crossBrowserDemo@33c911a1]" started-at="2026-03-16T19:48:40 IST" name="VerifyTitle" finished-at="2026-03-16T19:48:43 IST" duration-ms="2967" status="PASS">
          <reporter-output>
          </reporter-output>
        </test-method> <!-- VerifyTitle -->
        <test-method is-config="true" signature="quit()[pri:0, instance:CrossBrowserTesting.crossBrowserDemo@33c911a1]" started-at="2026-03-16T19:48:43 IST" name="quit" finished-at="2026-03-16T19:48:46 IST" duration-ms="2741" status="PASS">
          <reporter-output>
          </reporter-output>
        </test-method> <!-- quit -->
      </class> <!-- CrossBrowserTesting.crossBrowserDemo -->
    </test> <!-- TestOnFirefox -->
  </suite> <!-- Suite -->
</testng-results>
