<?xml version="1.0" encoding="UTF-8"?>
<!-- Generated by org.testng.reporters.JUnitReportReporter -->
<testsuite hostname="DESKTOP-90P13E2" failures="0" tests="10" name="Test_NG.InvocationCount" time="0.067" errors="0" timestamp="2026-03-15T15:09:18 IST" skipped="0">
  <testcase classname="Test_NG.InvocationCount" name="testMethod1" time="0.004"/>
  <testcase classname="Test_NG.InvocationCount" name="testMethod2" time="0.005"/>
  <testcase classname="Test_NG.InvocationCount" name="testMethod1" time="0.017"/>
  <testcase classname="Test_NG.InvocationCount" name="testMethod2" time="0.002"/>
  <testcase classname="Test_NG.InvocationCount" name="testMethod1" time="0.005"/>
  <testcase classname="Test_NG.InvocationCount" name="testMethod1" time="0.005"/>
  <testcase classname="Test_NG.InvocationCount" name="testMethod3" time="0.004"/>
  <testcase classname="Test_NG.InvocationCount" name="testMethod3" time="0.008"/>
  <testcase classname="Test_NG.InvocationCount" name="testMethod2" time="0.011"/>
  <testcase classname="Test_NG.InvocationCount" name="testMethod1" time="0.006"/>
</testsuite> <!-- Test_NG.InvocationCount -->
