<?xml version="1.0" encoding="UTF-8"?>
<!-- Generated by org.testng.reporters.JUnitReportReporter -->
<testsuite hostname="DESKTOP-90P13E2" failures="0" tests="3" name="CrossBrowserTesting.crossBrowserDemo" time="48.146" errors="0" timestamp="2026-03-16T19:48:46 IST" skipped="0">
  <testcase classname="CrossBrowserTesting.crossBrowserDemo" name="VerifyTitle" time="13.105"/>
  <testcase classname="CrossBrowserTesting.crossBrowserDemo" name="VerifyTitle" time="13.225"/>
  <testcase classname="CrossBrowserTesting.crossBrowserDemo" name="VerifyTitle" time="21.816"/>
</testsuite> <!-- CrossBrowserTesting.crossBrowserDemo -->
